ARM GAS  /var/folders/nl/kwfz41d55ync1k9vlz8wmkc80000gn/T//ccsPAEVs.s 			page 1


   1              		.cpu cortex-m0plus
   2              		.arch armv6s-m
   3              		.fpu softvfp
   4              		.eabi_attribute 20, 1
   5              		.eabi_attribute 21, 1
   6              		.eabi_attribute 23, 3
   7              		.eabi_attribute 24, 1
   8              		.eabi_attribute 25, 1
   9              		.eabi_attribute 26, 1
  10              		.eabi_attribute 30, 1
  11              		.eabi_attribute 34, 0
  12              		.eabi_attribute 18, 4
  13              		.file	"stm32c0xx_hal_dma_ex.c"
  14              		.text
  15              	.Ltext0:
  16              		.cfi_sections	.debug_frame
  17              		.section	.text.HAL_DMAEx_ConfigMuxSync,"ax",%progbits
  18              		.align	1
  19              		.global	HAL_DMAEx_ConfigMuxSync
  20              		.syntax unified
  21              		.code	16
  22              		.thumb_func
  24              	HAL_DMAEx_ConfigMuxSync:
  25              	.LVL0:
  26              	.LFB214:
  27              		.file 1 "Drivers/STM32C0xx_HAL_Driver/Src/stm32c0xx_hal_dma_ex.c"
   1:Drivers/STM32C0xx_HAL_Driver/Src/stm32c0xx_hal_dma_ex.c **** /**
   2:Drivers/STM32C0xx_HAL_Driver/Src/stm32c0xx_hal_dma_ex.c ****   ******************************************************************************
   3:Drivers/STM32C0xx_HAL_Driver/Src/stm32c0xx_hal_dma_ex.c ****   * @file    stm32c0xx_hal_dma_ex.c
   4:Drivers/STM32C0xx_HAL_Driver/Src/stm32c0xx_hal_dma_ex.c ****   * @author  MCD Application Team
   5:Drivers/STM32C0xx_HAL_Driver/Src/stm32c0xx_hal_dma_ex.c ****   * @brief   DMA Extension HAL module driver
   6:Drivers/STM32C0xx_HAL_Driver/Src/stm32c0xx_hal_dma_ex.c ****   *         This file provides firmware functions to manage the following
   7:Drivers/STM32C0xx_HAL_Driver/Src/stm32c0xx_hal_dma_ex.c ****   *         functionalities of the DMA Extension peripheral:
   8:Drivers/STM32C0xx_HAL_Driver/Src/stm32c0xx_hal_dma_ex.c ****   *           + Extended features functions
   9:Drivers/STM32C0xx_HAL_Driver/Src/stm32c0xx_hal_dma_ex.c ****   *
  10:Drivers/STM32C0xx_HAL_Driver/Src/stm32c0xx_hal_dma_ex.c ****   @verbatim
  11:Drivers/STM32C0xx_HAL_Driver/Src/stm32c0xx_hal_dma_ex.c ****   ******************************************************************************
  12:Drivers/STM32C0xx_HAL_Driver/Src/stm32c0xx_hal_dma_ex.c ****   * @attention
  13:Drivers/STM32C0xx_HAL_Driver/Src/stm32c0xx_hal_dma_ex.c ****   *
  14:Drivers/STM32C0xx_HAL_Driver/Src/stm32c0xx_hal_dma_ex.c ****   * Copyright (c) 2022 STMicroelectronics.
  15:Drivers/STM32C0xx_HAL_Driver/Src/stm32c0xx_hal_dma_ex.c ****   * All rights reserved.
  16:Drivers/STM32C0xx_HAL_Driver/Src/stm32c0xx_hal_dma_ex.c ****   *
  17:Drivers/STM32C0xx_HAL_Driver/Src/stm32c0xx_hal_dma_ex.c ****   * This software is licensed under terms that can be found in the LICENSE file
  18:Drivers/STM32C0xx_HAL_Driver/Src/stm32c0xx_hal_dma_ex.c ****   * in the root directory of this software component.
  19:Drivers/STM32C0xx_HAL_Driver/Src/stm32c0xx_hal_dma_ex.c ****   * If no LICENSE file comes with this software, it is provided AS-IS.
  20:Drivers/STM32C0xx_HAL_Driver/Src/stm32c0xx_hal_dma_ex.c ****   *
  21:Drivers/STM32C0xx_HAL_Driver/Src/stm32c0xx_hal_dma_ex.c ****   ******************************************************************************
  22:Drivers/STM32C0xx_HAL_Driver/Src/stm32c0xx_hal_dma_ex.c ****   ==============================================================================
  23:Drivers/STM32C0xx_HAL_Driver/Src/stm32c0xx_hal_dma_ex.c ****                         ##### How to use this driver #####
  24:Drivers/STM32C0xx_HAL_Driver/Src/stm32c0xx_hal_dma_ex.c ****   ==============================================================================
  25:Drivers/STM32C0xx_HAL_Driver/Src/stm32c0xx_hal_dma_ex.c ****   [..]
  26:Drivers/STM32C0xx_HAL_Driver/Src/stm32c0xx_hal_dma_ex.c ****   The DMA Extension HAL driver can be used as follows:
  27:Drivers/STM32C0xx_HAL_Driver/Src/stm32c0xx_hal_dma_ex.c **** 
  28:Drivers/STM32C0xx_HAL_Driver/Src/stm32c0xx_hal_dma_ex.c ****    (+) Configure the DMA_MUX Synchronization Block using HAL_DMAEx_ConfigMuxSync function.
  29:Drivers/STM32C0xx_HAL_Driver/Src/stm32c0xx_hal_dma_ex.c ****    (+) Configure the DMA_MUX Request Generator Block using HAL_DMAEx_ConfigMuxRequestGenerator func
  30:Drivers/STM32C0xx_HAL_Driver/Src/stm32c0xx_hal_dma_ex.c ****        Functions HAL_DMAEx_EnableMuxRequestGenerator and HAL_DMAEx_DisableMuxRequestGenerator can t
  31:Drivers/STM32C0xx_HAL_Driver/Src/stm32c0xx_hal_dma_ex.c ****        to respectively enable/disable the request generator.
ARM GAS  /var/folders/nl/kwfz41d55ync1k9vlz8wmkc80000gn/T//ccsPAEVs.s 			page 2


  32:Drivers/STM32C0xx_HAL_Driver/Src/stm32c0xx_hal_dma_ex.c **** 
  33:Drivers/STM32C0xx_HAL_Driver/Src/stm32c0xx_hal_dma_ex.c ****    (+) To handle the DMAMUX Interrupts, the function  HAL_DMAEx_MUX_IRQHandler should be called fro
  34:Drivers/STM32C0xx_HAL_Driver/Src/stm32c0xx_hal_dma_ex.c ****        the DMAMUX IRQ handler i.e DMAMUX1_OVR_IRQHandler.
  35:Drivers/STM32C0xx_HAL_Driver/Src/stm32c0xx_hal_dma_ex.c ****        As only one interrupt line is available for all DMAMUX channels and request generators , HAL
  36:Drivers/STM32C0xx_HAL_Driver/Src/stm32c0xx_hal_dma_ex.c ****        should be called with, as parameter, the appropriate DMA handle as many as used DMAs in the 
  37:Drivers/STM32C0xx_HAL_Driver/Src/stm32c0xx_hal_dma_ex.c ****       (exception done if a given DMA is not using the DMAMUX SYNC block neither a request generator
  38:Drivers/STM32C0xx_HAL_Driver/Src/stm32c0xx_hal_dma_ex.c **** 
  39:Drivers/STM32C0xx_HAL_Driver/Src/stm32c0xx_hal_dma_ex.c ****   @endverbatim
  40:Drivers/STM32C0xx_HAL_Driver/Src/stm32c0xx_hal_dma_ex.c ****   */
  41:Drivers/STM32C0xx_HAL_Driver/Src/stm32c0xx_hal_dma_ex.c **** 
  42:Drivers/STM32C0xx_HAL_Driver/Src/stm32c0xx_hal_dma_ex.c **** /* Includes ------------------------------------------------------------------*/
  43:Drivers/STM32C0xx_HAL_Driver/Src/stm32c0xx_hal_dma_ex.c **** #include "stm32c0xx_hal.h"
  44:Drivers/STM32C0xx_HAL_Driver/Src/stm32c0xx_hal_dma_ex.c **** 
  45:Drivers/STM32C0xx_HAL_Driver/Src/stm32c0xx_hal_dma_ex.c **** /** @addtogroup STM32C0xx_HAL_Driver
  46:Drivers/STM32C0xx_HAL_Driver/Src/stm32c0xx_hal_dma_ex.c ****   * @{
  47:Drivers/STM32C0xx_HAL_Driver/Src/stm32c0xx_hal_dma_ex.c ****   */
  48:Drivers/STM32C0xx_HAL_Driver/Src/stm32c0xx_hal_dma_ex.c **** 
  49:Drivers/STM32C0xx_HAL_Driver/Src/stm32c0xx_hal_dma_ex.c **** /** @defgroup DMAEx DMAEx
  50:Drivers/STM32C0xx_HAL_Driver/Src/stm32c0xx_hal_dma_ex.c ****   * @brief DMA Extended HAL module driver
  51:Drivers/STM32C0xx_HAL_Driver/Src/stm32c0xx_hal_dma_ex.c ****   * @{
  52:Drivers/STM32C0xx_HAL_Driver/Src/stm32c0xx_hal_dma_ex.c ****   */
  53:Drivers/STM32C0xx_HAL_Driver/Src/stm32c0xx_hal_dma_ex.c **** 
  54:Drivers/STM32C0xx_HAL_Driver/Src/stm32c0xx_hal_dma_ex.c **** #ifdef HAL_DMA_MODULE_ENABLED
  55:Drivers/STM32C0xx_HAL_Driver/Src/stm32c0xx_hal_dma_ex.c **** 
  56:Drivers/STM32C0xx_HAL_Driver/Src/stm32c0xx_hal_dma_ex.c **** /* Private typedef -----------------------------------------------------------*/
  57:Drivers/STM32C0xx_HAL_Driver/Src/stm32c0xx_hal_dma_ex.c **** /* Private define ------------------------------------------------------------*/
  58:Drivers/STM32C0xx_HAL_Driver/Src/stm32c0xx_hal_dma_ex.c **** /* Private macro -------------------------------------------------------------*/
  59:Drivers/STM32C0xx_HAL_Driver/Src/stm32c0xx_hal_dma_ex.c **** /* Private variables ---------------------------------------------------------*/
  60:Drivers/STM32C0xx_HAL_Driver/Src/stm32c0xx_hal_dma_ex.c **** /* Private Constants ---------------------------------------------------------*/
  61:Drivers/STM32C0xx_HAL_Driver/Src/stm32c0xx_hal_dma_ex.c **** /* Private function prototypes -----------------------------------------------*/
  62:Drivers/STM32C0xx_HAL_Driver/Src/stm32c0xx_hal_dma_ex.c **** /* Private functions ---------------------------------------------------------*/
  63:Drivers/STM32C0xx_HAL_Driver/Src/stm32c0xx_hal_dma_ex.c **** 
  64:Drivers/STM32C0xx_HAL_Driver/Src/stm32c0xx_hal_dma_ex.c **** 
  65:Drivers/STM32C0xx_HAL_Driver/Src/stm32c0xx_hal_dma_ex.c **** /** @defgroup DMAEx_Exported_Functions DMAEx Exported Functions
  66:Drivers/STM32C0xx_HAL_Driver/Src/stm32c0xx_hal_dma_ex.c ****   * @{
  67:Drivers/STM32C0xx_HAL_Driver/Src/stm32c0xx_hal_dma_ex.c ****   */
  68:Drivers/STM32C0xx_HAL_Driver/Src/stm32c0xx_hal_dma_ex.c **** 
  69:Drivers/STM32C0xx_HAL_Driver/Src/stm32c0xx_hal_dma_ex.c **** /** @defgroup DMAEx_Exported_Functions_Group1 DMAEx Extended features functions
  70:Drivers/STM32C0xx_HAL_Driver/Src/stm32c0xx_hal_dma_ex.c ****   *  @brief   Extended features functions
  71:Drivers/STM32C0xx_HAL_Driver/Src/stm32c0xx_hal_dma_ex.c ****   *
  72:Drivers/STM32C0xx_HAL_Driver/Src/stm32c0xx_hal_dma_ex.c **** @verbatim
  73:Drivers/STM32C0xx_HAL_Driver/Src/stm32c0xx_hal_dma_ex.c ****  ===============================================================================
  74:Drivers/STM32C0xx_HAL_Driver/Src/stm32c0xx_hal_dma_ex.c ****                 #####  Extended features functions  #####
  75:Drivers/STM32C0xx_HAL_Driver/Src/stm32c0xx_hal_dma_ex.c ****  ===============================================================================
  76:Drivers/STM32C0xx_HAL_Driver/Src/stm32c0xx_hal_dma_ex.c ****     [..]  This section provides functions allowing to:
  77:Drivers/STM32C0xx_HAL_Driver/Src/stm32c0xx_hal_dma_ex.c **** 
  78:Drivers/STM32C0xx_HAL_Driver/Src/stm32c0xx_hal_dma_ex.c ****     (+) Configure the DMA_MUX Synchronization Block using HAL_DMAEx_ConfigMuxSync function.
  79:Drivers/STM32C0xx_HAL_Driver/Src/stm32c0xx_hal_dma_ex.c ****     (+) Configure the DMA_MUX Request Generator Block using HAL_DMAEx_ConfigMuxRequestGenerator fun
  80:Drivers/STM32C0xx_HAL_Driver/Src/stm32c0xx_hal_dma_ex.c ****        Functions HAL_DMAEx_EnableMuxRequestGenerator and HAL_DMAEx_DisableMuxRequestGenerator can t
  81:Drivers/STM32C0xx_HAL_Driver/Src/stm32c0xx_hal_dma_ex.c ****        to respectively enable/disable the request generator.
  82:Drivers/STM32C0xx_HAL_Driver/Src/stm32c0xx_hal_dma_ex.c **** 
  83:Drivers/STM32C0xx_HAL_Driver/Src/stm32c0xx_hal_dma_ex.c **** @endverbatim
  84:Drivers/STM32C0xx_HAL_Driver/Src/stm32c0xx_hal_dma_ex.c ****   * @{
  85:Drivers/STM32C0xx_HAL_Driver/Src/stm32c0xx_hal_dma_ex.c ****   */
  86:Drivers/STM32C0xx_HAL_Driver/Src/stm32c0xx_hal_dma_ex.c **** 
  87:Drivers/STM32C0xx_HAL_Driver/Src/stm32c0xx_hal_dma_ex.c **** /**
  88:Drivers/STM32C0xx_HAL_Driver/Src/stm32c0xx_hal_dma_ex.c ****   * @brief  Configure the DMAMUX synchronization parameters for a given DMA channel (instance).
ARM GAS  /var/folders/nl/kwfz41d55ync1k9vlz8wmkc80000gn/T//ccsPAEVs.s 			page 3


  89:Drivers/STM32C0xx_HAL_Driver/Src/stm32c0xx_hal_dma_ex.c ****   * @param  hdma Pointer to a DMA_HandleTypeDef structure that contains
  90:Drivers/STM32C0xx_HAL_Driver/Src/stm32c0xx_hal_dma_ex.c ****   *                     the configuration information for the specified DMA channel.
  91:Drivers/STM32C0xx_HAL_Driver/Src/stm32c0xx_hal_dma_ex.c ****   * @param  pSyncConfig Pointer to HAL_DMA_MuxSyncConfigTypeDef : contains the DMAMUX synchronizati
  92:Drivers/STM32C0xx_HAL_Driver/Src/stm32c0xx_hal_dma_ex.c ****   * @retval HAL status
  93:Drivers/STM32C0xx_HAL_Driver/Src/stm32c0xx_hal_dma_ex.c ****   */
  94:Drivers/STM32C0xx_HAL_Driver/Src/stm32c0xx_hal_dma_ex.c **** HAL_StatusTypeDef HAL_DMAEx_ConfigMuxSync(DMA_HandleTypeDef *hdma, HAL_DMA_MuxSyncConfigTypeDef *pS
  95:Drivers/STM32C0xx_HAL_Driver/Src/stm32c0xx_hal_dma_ex.c **** {
  28              		.loc 1 95 1 view -0
  29              		.cfi_startproc
  30              		@ args = 0, pretend = 0, frame = 0
  31              		@ frame_needed = 0, uses_anonymous_args = 0
  32              		.loc 1 95 1 is_stmt 0 view .LVU1
  33 0000 70B5     		push	{r4, r5, r6, lr}
  34              	.LCFI0:
  35              		.cfi_def_cfa_offset 16
  36              		.cfi_offset 4, -16
  37              		.cfi_offset 5, -12
  38              		.cfi_offset 6, -8
  39              		.cfi_offset 14, -4
  96:Drivers/STM32C0xx_HAL_Driver/Src/stm32c0xx_hal_dma_ex.c ****   /* Check the parameters */
  97:Drivers/STM32C0xx_HAL_Driver/Src/stm32c0xx_hal_dma_ex.c ****   assert_param(IS_DMA_ALL_INSTANCE(hdma->Instance));
  40              		.loc 1 97 3 is_stmt 1 view .LVU2
  98:Drivers/STM32C0xx_HAL_Driver/Src/stm32c0xx_hal_dma_ex.c **** 
  99:Drivers/STM32C0xx_HAL_Driver/Src/stm32c0xx_hal_dma_ex.c ****   assert_param(IS_DMAMUX_SYNC_SIGNAL_ID(pSyncConfig->SyncSignalID));
  41              		.loc 1 99 3 view .LVU3
 100:Drivers/STM32C0xx_HAL_Driver/Src/stm32c0xx_hal_dma_ex.c **** 
 101:Drivers/STM32C0xx_HAL_Driver/Src/stm32c0xx_hal_dma_ex.c ****   assert_param(IS_DMAMUX_SYNC_POLARITY(pSyncConfig-> SyncPolarity));
  42              		.loc 1 101 3 view .LVU4
 102:Drivers/STM32C0xx_HAL_Driver/Src/stm32c0xx_hal_dma_ex.c ****   assert_param(IS_DMAMUX_SYNC_STATE(pSyncConfig->SyncEnable));
  43              		.loc 1 102 3 view .LVU5
 103:Drivers/STM32C0xx_HAL_Driver/Src/stm32c0xx_hal_dma_ex.c ****   assert_param(IS_DMAMUX_SYNC_EVENT(pSyncConfig->EventEnable));
  44              		.loc 1 103 3 view .LVU6
 104:Drivers/STM32C0xx_HAL_Driver/Src/stm32c0xx_hal_dma_ex.c ****   assert_param(IS_DMAMUX_SYNC_REQUEST_NUMBER(pSyncConfig->RequestNumber));
  45              		.loc 1 104 3 view .LVU7
 105:Drivers/STM32C0xx_HAL_Driver/Src/stm32c0xx_hal_dma_ex.c **** 
 106:Drivers/STM32C0xx_HAL_Driver/Src/stm32c0xx_hal_dma_ex.c ****   /*Check if the DMA state is ready */
 107:Drivers/STM32C0xx_HAL_Driver/Src/stm32c0xx_hal_dma_ex.c ****   if (hdma->State == HAL_DMA_STATE_READY)
  46              		.loc 1 107 3 view .LVU8
  47              		.loc 1 107 11 is_stmt 0 view .LVU9
  48 0002 2523     		movs	r3, #37
  49 0004 C35C     		ldrb	r3, [r0, r3]
  50              		.loc 1 107 6 view .LVU10
  51 0006 012B     		cmp	r3, #1
  52 0008 1ED1     		bne	.L3
 108:Drivers/STM32C0xx_HAL_Driver/Src/stm32c0xx_hal_dma_ex.c ****   {
 109:Drivers/STM32C0xx_HAL_Driver/Src/stm32c0xx_hal_dma_ex.c ****     /* Process Locked */
 110:Drivers/STM32C0xx_HAL_Driver/Src/stm32c0xx_hal_dma_ex.c ****     __HAL_LOCK(hdma);
  53              		.loc 1 110 5 is_stmt 1 view .LVU11
  54              		.loc 1 110 5 view .LVU12
  55 000a 2333     		adds	r3, r3, #35
  56 000c C35C     		ldrb	r3, [r0, r3]
  57 000e 012B     		cmp	r3, #1
  58 0010 1CD0     		beq	.L4
  59              		.loc 1 110 5 discriminator 2 view .LVU13
  60 0012 2425     		movs	r5, #36
  61 0014 0123     		movs	r3, #1
  62 0016 4355     		strb	r3, [r0, r5]
ARM GAS  /var/folders/nl/kwfz41d55ync1k9vlz8wmkc80000gn/T//ccsPAEVs.s 			page 4


  63              		.loc 1 110 5 discriminator 2 view .LVU14
 111:Drivers/STM32C0xx_HAL_Driver/Src/stm32c0xx_hal_dma_ex.c **** 
 112:Drivers/STM32C0xx_HAL_Driver/Src/stm32c0xx_hal_dma_ex.c ****     /* Set the new synchronization parameters (and keep the request ID filled during the Init)*/
 113:Drivers/STM32C0xx_HAL_Driver/Src/stm32c0xx_hal_dma_ex.c ****     MODIFY_REG(hdma->DMAmuxChannel->CCR, \
  64              		.loc 1 113 5 discriminator 2 view .LVU15
  65 0018 466C     		ldr	r6, [r0, #68]
  66 001a 3368     		ldr	r3, [r6]
  67 001c FF24     		movs	r4, #255
  68 001e 1C40     		ands	r4, r3
  69 0020 0B68     		ldr	r3, [r1]
  70 0022 1B06     		lsls	r3, r3, #24
  71 0024 CA68     		ldr	r2, [r1, #12]
  72 0026 013A     		subs	r2, r2, #1
  73 0028 D204     		lsls	r2, r2, #19
  74 002a 1343     		orrs	r3, r2
  75 002c 4A68     		ldr	r2, [r1, #4]
  76 002e 1343     		orrs	r3, r2
  77 0030 0A7A     		ldrb	r2, [r1, #8]
  78 0032 1204     		lsls	r2, r2, #16
  79 0034 1343     		orrs	r3, r2
  80 0036 4A7A     		ldrb	r2, [r1, #9]
  81 0038 5202     		lsls	r2, r2, #9
  82 003a 1343     		orrs	r3, r2
  83 003c 2343     		orrs	r3, r4
  84 003e 3360     		str	r3, [r6]
 114:Drivers/STM32C0xx_HAL_Driver/Src/stm32c0xx_hal_dma_ex.c ****                (~DMAMUX_CxCR_DMAREQ_ID), \
 115:Drivers/STM32C0xx_HAL_Driver/Src/stm32c0xx_hal_dma_ex.c ****                ((pSyncConfig->SyncSignalID) << DMAMUX_CxCR_SYNC_ID_Pos) | ((pSyncConfig->RequestNum
 116:Drivers/STM32C0xx_HAL_Driver/Src/stm32c0xx_hal_dma_ex.c ****                                                                            DMAMUX_CxCR_NBREQ_Pos) |
 117:Drivers/STM32C0xx_HAL_Driver/Src/stm32c0xx_hal_dma_ex.c ****                pSyncConfig->SyncPolarity | \
 118:Drivers/STM32C0xx_HAL_Driver/Src/stm32c0xx_hal_dma_ex.c ****                ((uint32_t)pSyncConfig->SyncEnable << \
 119:Drivers/STM32C0xx_HAL_Driver/Src/stm32c0xx_hal_dma_ex.c ****                 DMAMUX_CxCR_SE_Pos) | \
 120:Drivers/STM32C0xx_HAL_Driver/Src/stm32c0xx_hal_dma_ex.c ****                ((uint32_t)pSyncConfig->EventEnable << \
 121:Drivers/STM32C0xx_HAL_Driver/Src/stm32c0xx_hal_dma_ex.c ****                 DMAMUX_CxCR_EGE_Pos));
 122:Drivers/STM32C0xx_HAL_Driver/Src/stm32c0xx_hal_dma_ex.c **** 
 123:Drivers/STM32C0xx_HAL_Driver/Src/stm32c0xx_hal_dma_ex.c ****     /* Process UnLocked */
 124:Drivers/STM32C0xx_HAL_Driver/Src/stm32c0xx_hal_dma_ex.c ****     __HAL_UNLOCK(hdma);
  85              		.loc 1 124 5 discriminator 2 view .LVU16
  86              		.loc 1 124 5 discriminator 2 view .LVU17
  87 0040 0023     		movs	r3, #0
  88 0042 4355     		strb	r3, [r0, r5]
  89              		.loc 1 124 5 discriminator 2 view .LVU18
 125:Drivers/STM32C0xx_HAL_Driver/Src/stm32c0xx_hal_dma_ex.c **** 
 126:Drivers/STM32C0xx_HAL_Driver/Src/stm32c0xx_hal_dma_ex.c ****     return HAL_OK;
  90              		.loc 1 126 5 discriminator 2 view .LVU19
  91              		.loc 1 126 12 is_stmt 0 discriminator 2 view .LVU20
  92 0044 0020     		movs	r0, #0
  93              	.LVL1:
  94              		.loc 1 126 12 discriminator 2 view .LVU21
  95 0046 00E0     		b	.L2
  96              	.LVL2:
  97              	.L3:
 127:Drivers/STM32C0xx_HAL_Driver/Src/stm32c0xx_hal_dma_ex.c ****   }
 128:Drivers/STM32C0xx_HAL_Driver/Src/stm32c0xx_hal_dma_ex.c ****   else
 129:Drivers/STM32C0xx_HAL_Driver/Src/stm32c0xx_hal_dma_ex.c ****   {
 130:Drivers/STM32C0xx_HAL_Driver/Src/stm32c0xx_hal_dma_ex.c ****     /*DMA State not Ready*/
 131:Drivers/STM32C0xx_HAL_Driver/Src/stm32c0xx_hal_dma_ex.c ****     return HAL_ERROR;
  98              		.loc 1 131 12 view .LVU22
ARM GAS  /var/folders/nl/kwfz41d55ync1k9vlz8wmkc80000gn/T//ccsPAEVs.s 			page 5


  99 0048 0120     		movs	r0, #1
 100              	.LVL3:
 101              	.L2:
 132:Drivers/STM32C0xx_HAL_Driver/Src/stm32c0xx_hal_dma_ex.c ****   }
 133:Drivers/STM32C0xx_HAL_Driver/Src/stm32c0xx_hal_dma_ex.c **** }
 102              		.loc 1 133 1 view .LVU23
 103              		@ sp needed
 104 004a 70BD     		pop	{r4, r5, r6, pc}
 105              	.LVL4:
 106              	.L4:
 110:Drivers/STM32C0xx_HAL_Driver/Src/stm32c0xx_hal_dma_ex.c **** 
 107              		.loc 1 110 5 view .LVU24
 108 004c 0220     		movs	r0, #2
 109              	.LVL5:
 110:Drivers/STM32C0xx_HAL_Driver/Src/stm32c0xx_hal_dma_ex.c **** 
 110              		.loc 1 110 5 view .LVU25
 111 004e FCE7     		b	.L2
 112              		.cfi_endproc
 113              	.LFE214:
 115              		.section	.text.HAL_DMAEx_ConfigMuxRequestGenerator,"ax",%progbits
 116              		.align	1
 117              		.global	HAL_DMAEx_ConfigMuxRequestGenerator
 118              		.syntax unified
 119              		.code	16
 120              		.thumb_func
 122              	HAL_DMAEx_ConfigMuxRequestGenerator:
 123              	.LVL6:
 124              	.LFB215:
 134:Drivers/STM32C0xx_HAL_Driver/Src/stm32c0xx_hal_dma_ex.c **** 
 135:Drivers/STM32C0xx_HAL_Driver/Src/stm32c0xx_hal_dma_ex.c **** /**
 136:Drivers/STM32C0xx_HAL_Driver/Src/stm32c0xx_hal_dma_ex.c ****   * @brief  Configure the DMAMUX request generator block used by the given DMA channel (instance).
 137:Drivers/STM32C0xx_HAL_Driver/Src/stm32c0xx_hal_dma_ex.c ****   * @param  hdma Pointer to a DMA_HandleTypeDef structure that contains
 138:Drivers/STM32C0xx_HAL_Driver/Src/stm32c0xx_hal_dma_ex.c ****   *                     the configuration information for the specified DMA channel.
 139:Drivers/STM32C0xx_HAL_Driver/Src/stm32c0xx_hal_dma_ex.c ****   * @param  pRequestGeneratorConfig Pointer to HAL_DMA_MuxRequestGeneratorConfigTypeDef :
 140:Drivers/STM32C0xx_HAL_Driver/Src/stm32c0xx_hal_dma_ex.c ****   *         contains the request generator parameters.
 141:Drivers/STM32C0xx_HAL_Driver/Src/stm32c0xx_hal_dma_ex.c ****   *
 142:Drivers/STM32C0xx_HAL_Driver/Src/stm32c0xx_hal_dma_ex.c ****   * @retval HAL status
 143:Drivers/STM32C0xx_HAL_Driver/Src/stm32c0xx_hal_dma_ex.c ****   */
 144:Drivers/STM32C0xx_HAL_Driver/Src/stm32c0xx_hal_dma_ex.c **** HAL_StatusTypeDef HAL_DMAEx_ConfigMuxRequestGenerator(DMA_HandleTypeDef *hdma,
 145:Drivers/STM32C0xx_HAL_Driver/Src/stm32c0xx_hal_dma_ex.c ****                                                       HAL_DMA_MuxRequestGeneratorConfigTypeDef *pRe
 146:Drivers/STM32C0xx_HAL_Driver/Src/stm32c0xx_hal_dma_ex.c **** {
 125              		.loc 1 146 1 is_stmt 1 view -0
 126              		.cfi_startproc
 127              		@ args = 0, pretend = 0, frame = 0
 128              		@ frame_needed = 0, uses_anonymous_args = 0
 129              		.loc 1 146 1 is_stmt 0 view .LVU27
 130 0000 30B5     		push	{r4, r5, lr}
 131              	.LCFI1:
 132              		.cfi_def_cfa_offset 12
 133              		.cfi_offset 4, -12
 134              		.cfi_offset 5, -8
 135              		.cfi_offset 14, -4
 136 0002 0300     		movs	r3, r0
 147:Drivers/STM32C0xx_HAL_Driver/Src/stm32c0xx_hal_dma_ex.c ****   /* Check the parameters */
 148:Drivers/STM32C0xx_HAL_Driver/Src/stm32c0xx_hal_dma_ex.c ****   assert_param(IS_DMA_ALL_INSTANCE(hdma->Instance));
 137              		.loc 1 148 3 is_stmt 1 view .LVU28
 149:Drivers/STM32C0xx_HAL_Driver/Src/stm32c0xx_hal_dma_ex.c **** 
ARM GAS  /var/folders/nl/kwfz41d55ync1k9vlz8wmkc80000gn/T//ccsPAEVs.s 			page 6


 150:Drivers/STM32C0xx_HAL_Driver/Src/stm32c0xx_hal_dma_ex.c ****   assert_param(IS_DMAMUX_REQUEST_GEN_SIGNAL_ID(pRequestGeneratorConfig->SignalID));
 138              		.loc 1 150 3 view .LVU29
 151:Drivers/STM32C0xx_HAL_Driver/Src/stm32c0xx_hal_dma_ex.c ****   assert_param(IS_DMAMUX_REQUEST_GEN_POLARITY(pRequestGeneratorConfig->Polarity));
 139              		.loc 1 151 3 view .LVU30
 152:Drivers/STM32C0xx_HAL_Driver/Src/stm32c0xx_hal_dma_ex.c ****   assert_param(IS_DMAMUX_REQUEST_GEN_REQUEST_NUMBER(pRequestGeneratorConfig->RequestNumber));
 140              		.loc 1 152 3 view .LVU31
 153:Drivers/STM32C0xx_HAL_Driver/Src/stm32c0xx_hal_dma_ex.c **** 
 154:Drivers/STM32C0xx_HAL_Driver/Src/stm32c0xx_hal_dma_ex.c ****   /* check if the DMA state is ready
 155:Drivers/STM32C0xx_HAL_Driver/Src/stm32c0xx_hal_dma_ex.c ****      and DMA is using a DMAMUX request generator block
 156:Drivers/STM32C0xx_HAL_Driver/Src/stm32c0xx_hal_dma_ex.c ****   */
 157:Drivers/STM32C0xx_HAL_Driver/Src/stm32c0xx_hal_dma_ex.c ****   if ((hdma->State == HAL_DMA_STATE_READY) && (hdma->DMAmuxRequestGen != 0U))
 141              		.loc 1 157 3 view .LVU32
 142              		.loc 1 157 12 is_stmt 0 view .LVU33
 143 0004 2522     		movs	r2, #37
 144 0006 825C     		ldrb	r2, [r0, r2]
 145 0008 D0B2     		uxtb	r0, r2
 146              	.LVL7:
 147              		.loc 1 157 6 view .LVU34
 148 000a 012A     		cmp	r2, #1
 149 000c 15D1     		bne	.L7
 150              		.loc 1 157 52 discriminator 1 view .LVU35
 151 000e 1C6D     		ldr	r4, [r3, #80]
 152              		.loc 1 157 44 discriminator 1 view .LVU36
 153 0010 002C     		cmp	r4, #0
 154 0012 13D0     		beq	.L6
 158:Drivers/STM32C0xx_HAL_Driver/Src/stm32c0xx_hal_dma_ex.c ****   {
 159:Drivers/STM32C0xx_HAL_Driver/Src/stm32c0xx_hal_dma_ex.c ****     /* Process Locked */
 160:Drivers/STM32C0xx_HAL_Driver/Src/stm32c0xx_hal_dma_ex.c ****     __HAL_LOCK(hdma);
 155              		.loc 1 160 5 is_stmt 1 view .LVU37
 156              		.loc 1 160 5 view .LVU38
 157 0014 2332     		adds	r2, r2, #35
 158 0016 9A5C     		ldrb	r2, [r3, r2]
 159 0018 012A     		cmp	r2, #1
 160 001a 10D0     		beq	.L8
 161              		.loc 1 160 5 discriminator 2 view .LVU39
 162 001c 2420     		movs	r0, #36
 163 001e 0122     		movs	r2, #1
 164 0020 1A54     		strb	r2, [r3, r0]
 165              		.loc 1 160 5 discriminator 2 view .LVU40
 161:Drivers/STM32C0xx_HAL_Driver/Src/stm32c0xx_hal_dma_ex.c **** 
 162:Drivers/STM32C0xx_HAL_Driver/Src/stm32c0xx_hal_dma_ex.c ****     /* Set the request generator new parameters*/
 163:Drivers/STM32C0xx_HAL_Driver/Src/stm32c0xx_hal_dma_ex.c ****     hdma->DMAmuxRequestGen->RGCR = pRequestGeneratorConfig->SignalID | \
 166              		.loc 1 163 5 discriminator 2 view .LVU41
 164:Drivers/STM32C0xx_HAL_Driver/Src/stm32c0xx_hal_dma_ex.c ****                                    ((pRequestGeneratorConfig->RequestNumber - 1U) << DMAMUX_RGxCR_G
 167              		.loc 1 164 77 is_stmt 0 discriminator 2 view .LVU42
 168 0022 8A68     		ldr	r2, [r1, #8]
 169 0024 013A     		subs	r2, r2, #1
 170              		.loc 1 164 83 discriminator 2 view .LVU43
 171 0026 D204     		lsls	r2, r2, #19
 163:Drivers/STM32C0xx_HAL_Driver/Src/stm32c0xx_hal_dma_ex.c ****                                    ((pRequestGeneratorConfig->RequestNumber - 1U) << DMAMUX_RGxCR_G
 172              		.loc 1 163 70 discriminator 2 view .LVU44
 173 0028 0D68     		ldr	r5, [r1]
 174 002a 2A43     		orrs	r2, r5
 165:Drivers/STM32C0xx_HAL_Driver/Src/stm32c0xx_hal_dma_ex.c ****                                    pRequestGeneratorConfig->Polarity;
 175              		.loc 1 165 59 discriminator 2 view .LVU45
 176 002c 4968     		ldr	r1, [r1, #4]
 177              	.LVL8:
ARM GAS  /var/folders/nl/kwfz41d55ync1k9vlz8wmkc80000gn/T//ccsPAEVs.s 			page 7


 164:Drivers/STM32C0xx_HAL_Driver/Src/stm32c0xx_hal_dma_ex.c ****                                    ((pRequestGeneratorConfig->RequestNumber - 1U) << DMAMUX_RGxCR_G
 178              		.loc 1 164 111 discriminator 2 view .LVU46
 179 002e 0A43     		orrs	r2, r1
 163:Drivers/STM32C0xx_HAL_Driver/Src/stm32c0xx_hal_dma_ex.c ****                                    ((pRequestGeneratorConfig->RequestNumber - 1U) << DMAMUX_RGxCR_G
 180              		.loc 1 163 34 discriminator 2 view .LVU47
 181 0030 2260     		str	r2, [r4]
 166:Drivers/STM32C0xx_HAL_Driver/Src/stm32c0xx_hal_dma_ex.c ****     /* Process UnLocked */
 167:Drivers/STM32C0xx_HAL_Driver/Src/stm32c0xx_hal_dma_ex.c ****     __HAL_UNLOCK(hdma);
 182              		.loc 1 167 5 is_stmt 1 discriminator 2 view .LVU48
 183              		.loc 1 167 5 discriminator 2 view .LVU49
 184 0032 0022     		movs	r2, #0
 185 0034 1A54     		strb	r2, [r3, r0]
 186              		.loc 1 167 5 discriminator 2 view .LVU50
 168:Drivers/STM32C0xx_HAL_Driver/Src/stm32c0xx_hal_dma_ex.c **** 
 169:Drivers/STM32C0xx_HAL_Driver/Src/stm32c0xx_hal_dma_ex.c ****     return HAL_OK;
 187              		.loc 1 169 5 discriminator 2 view .LVU51
 188              		.loc 1 169 12 is_stmt 0 discriminator 2 view .LVU52
 189 0036 0020     		movs	r0, #0
 190 0038 00E0     		b	.L6
 191              	.LVL9:
 192              	.L7:
 170:Drivers/STM32C0xx_HAL_Driver/Src/stm32c0xx_hal_dma_ex.c ****   }
 171:Drivers/STM32C0xx_HAL_Driver/Src/stm32c0xx_hal_dma_ex.c ****   else
 172:Drivers/STM32C0xx_HAL_Driver/Src/stm32c0xx_hal_dma_ex.c ****   {
 173:Drivers/STM32C0xx_HAL_Driver/Src/stm32c0xx_hal_dma_ex.c ****     return HAL_ERROR;
 193              		.loc 1 173 12 view .LVU53
 194 003a 0120     		movs	r0, #1
 195              	.LVL10:
 196              	.L6:
 174:Drivers/STM32C0xx_HAL_Driver/Src/stm32c0xx_hal_dma_ex.c ****   }
 175:Drivers/STM32C0xx_HAL_Driver/Src/stm32c0xx_hal_dma_ex.c **** }
 197              		.loc 1 175 1 view .LVU54
 198              		@ sp needed
 199 003c 30BD     		pop	{r4, r5, pc}
 200              	.LVL11:
 201              	.L8:
 160:Drivers/STM32C0xx_HAL_Driver/Src/stm32c0xx_hal_dma_ex.c **** 
 202              		.loc 1 160 5 view .LVU55
 203 003e 0220     		movs	r0, #2
 204 0040 FCE7     		b	.L6
 205              		.cfi_endproc
 206              	.LFE215:
 208              		.section	.text.HAL_DMAEx_EnableMuxRequestGenerator,"ax",%progbits
 209              		.align	1
 210              		.global	HAL_DMAEx_EnableMuxRequestGenerator
 211              		.syntax unified
 212              		.code	16
 213              		.thumb_func
 215              	HAL_DMAEx_EnableMuxRequestGenerator:
 216              	.LVL12:
 217              	.LFB216:
 176:Drivers/STM32C0xx_HAL_Driver/Src/stm32c0xx_hal_dma_ex.c **** 
 177:Drivers/STM32C0xx_HAL_Driver/Src/stm32c0xx_hal_dma_ex.c **** /**
 178:Drivers/STM32C0xx_HAL_Driver/Src/stm32c0xx_hal_dma_ex.c ****   * @brief  Enable the DMAMUX request generator block used by the given DMA channel (instance).
 179:Drivers/STM32C0xx_HAL_Driver/Src/stm32c0xx_hal_dma_ex.c ****   * @param  hdma Pointer to a DMA_HandleTypeDef structure that contains
 180:Drivers/STM32C0xx_HAL_Driver/Src/stm32c0xx_hal_dma_ex.c ****   *                     the configuration information for the specified DMA channel.
 181:Drivers/STM32C0xx_HAL_Driver/Src/stm32c0xx_hal_dma_ex.c ****   * @retval HAL status
ARM GAS  /var/folders/nl/kwfz41d55ync1k9vlz8wmkc80000gn/T//ccsPAEVs.s 			page 8


 182:Drivers/STM32C0xx_HAL_Driver/Src/stm32c0xx_hal_dma_ex.c ****   */
 183:Drivers/STM32C0xx_HAL_Driver/Src/stm32c0xx_hal_dma_ex.c **** HAL_StatusTypeDef HAL_DMAEx_EnableMuxRequestGenerator(DMA_HandleTypeDef *hdma)
 184:Drivers/STM32C0xx_HAL_Driver/Src/stm32c0xx_hal_dma_ex.c **** {
 218              		.loc 1 184 1 is_stmt 1 view -0
 219              		.cfi_startproc
 220              		@ args = 0, pretend = 0, frame = 0
 221              		@ frame_needed = 0, uses_anonymous_args = 0
 222              		@ link register save eliminated.
 185:Drivers/STM32C0xx_HAL_Driver/Src/stm32c0xx_hal_dma_ex.c ****   /* Check the parameters */
 186:Drivers/STM32C0xx_HAL_Driver/Src/stm32c0xx_hal_dma_ex.c ****   assert_param(IS_DMA_ALL_INSTANCE(hdma->Instance));
 223              		.loc 1 186 3 view .LVU57
 187:Drivers/STM32C0xx_HAL_Driver/Src/stm32c0xx_hal_dma_ex.c **** 
 188:Drivers/STM32C0xx_HAL_Driver/Src/stm32c0xx_hal_dma_ex.c ****   /* check if the DMA state is ready
 189:Drivers/STM32C0xx_HAL_Driver/Src/stm32c0xx_hal_dma_ex.c ****      and DMA is using a DMAMUX request generator block
 190:Drivers/STM32C0xx_HAL_Driver/Src/stm32c0xx_hal_dma_ex.c ****   */
 191:Drivers/STM32C0xx_HAL_Driver/Src/stm32c0xx_hal_dma_ex.c ****   if ((hdma->State != HAL_DMA_STATE_RESET) && (hdma->DMAmuxRequestGen != 0))
 224              		.loc 1 191 3 view .LVU58
 225              		.loc 1 191 12 is_stmt 0 view .LVU59
 226 0000 2523     		movs	r3, #37
 227 0002 C35C     		ldrb	r3, [r0, r3]
 228              		.loc 1 191 6 view .LVU60
 229 0004 002B     		cmp	r3, #0
 230 0006 09D0     		beq	.L11
 231              		.loc 1 191 52 discriminator 1 view .LVU61
 232 0008 036D     		ldr	r3, [r0, #80]
 233              		.loc 1 191 44 discriminator 1 view .LVU62
 234 000a 002B     		cmp	r3, #0
 235 000c 08D0     		beq	.L12
 192:Drivers/STM32C0xx_HAL_Driver/Src/stm32c0xx_hal_dma_ex.c ****   {
 193:Drivers/STM32C0xx_HAL_Driver/Src/stm32c0xx_hal_dma_ex.c **** 
 194:Drivers/STM32C0xx_HAL_Driver/Src/stm32c0xx_hal_dma_ex.c ****     /* Enable the request generator*/
 195:Drivers/STM32C0xx_HAL_Driver/Src/stm32c0xx_hal_dma_ex.c ****     hdma->DMAmuxRequestGen->RGCR |= DMAMUX_RGxCR_GE;
 236              		.loc 1 195 5 is_stmt 1 view .LVU63
 237              		.loc 1 195 34 is_stmt 0 view .LVU64
 238 000e 1968     		ldr	r1, [r3]
 239 0010 8022     		movs	r2, #128
 240 0012 5202     		lsls	r2, r2, #9
 241 0014 0A43     		orrs	r2, r1
 242 0016 1A60     		str	r2, [r3]
 196:Drivers/STM32C0xx_HAL_Driver/Src/stm32c0xx_hal_dma_ex.c **** 
 197:Drivers/STM32C0xx_HAL_Driver/Src/stm32c0xx_hal_dma_ex.c ****     return HAL_OK;
 243              		.loc 1 197 5 is_stmt 1 view .LVU65
 244              		.loc 1 197 12 is_stmt 0 view .LVU66
 245 0018 0020     		movs	r0, #0
 246              	.LVL13:
 247              	.L10:
 198:Drivers/STM32C0xx_HAL_Driver/Src/stm32c0xx_hal_dma_ex.c ****   }
 199:Drivers/STM32C0xx_HAL_Driver/Src/stm32c0xx_hal_dma_ex.c ****   else
 200:Drivers/STM32C0xx_HAL_Driver/Src/stm32c0xx_hal_dma_ex.c ****   {
 201:Drivers/STM32C0xx_HAL_Driver/Src/stm32c0xx_hal_dma_ex.c ****     return HAL_ERROR;
 202:Drivers/STM32C0xx_HAL_Driver/Src/stm32c0xx_hal_dma_ex.c ****   }
 203:Drivers/STM32C0xx_HAL_Driver/Src/stm32c0xx_hal_dma_ex.c **** }
 248              		.loc 1 203 1 view .LVU67
 249              		@ sp needed
 250 001a 7047     		bx	lr
 251              	.LVL14:
 252              	.L11:
ARM GAS  /var/folders/nl/kwfz41d55ync1k9vlz8wmkc80000gn/T//ccsPAEVs.s 			page 9


 201:Drivers/STM32C0xx_HAL_Driver/Src/stm32c0xx_hal_dma_ex.c ****   }
 253              		.loc 1 201 12 view .LVU68
 254 001c 0120     		movs	r0, #1
 255              	.LVL15:
 201:Drivers/STM32C0xx_HAL_Driver/Src/stm32c0xx_hal_dma_ex.c ****   }
 256              		.loc 1 201 12 view .LVU69
 257 001e FCE7     		b	.L10
 258              	.LVL16:
 259              	.L12:
 201:Drivers/STM32C0xx_HAL_Driver/Src/stm32c0xx_hal_dma_ex.c ****   }
 260              		.loc 1 201 12 view .LVU70
 261 0020 0120     		movs	r0, #1
 262              	.LVL17:
 201:Drivers/STM32C0xx_HAL_Driver/Src/stm32c0xx_hal_dma_ex.c ****   }
 263              		.loc 1 201 12 view .LVU71
 264 0022 FAE7     		b	.L10
 265              		.cfi_endproc
 266              	.LFE216:
 268              		.section	.text.HAL_DMAEx_DisableMuxRequestGenerator,"ax",%progbits
 269              		.align	1
 270              		.global	HAL_DMAEx_DisableMuxRequestGenerator
 271              		.syntax unified
 272              		.code	16
 273              		.thumb_func
 275              	HAL_DMAEx_DisableMuxRequestGenerator:
 276              	.LVL18:
 277              	.LFB217:
 204:Drivers/STM32C0xx_HAL_Driver/Src/stm32c0xx_hal_dma_ex.c **** 
 205:Drivers/STM32C0xx_HAL_Driver/Src/stm32c0xx_hal_dma_ex.c **** /**
 206:Drivers/STM32C0xx_HAL_Driver/Src/stm32c0xx_hal_dma_ex.c ****   * @brief  Disable the DMAMUX request generator block used by the given DMA channel (instance).
 207:Drivers/STM32C0xx_HAL_Driver/Src/stm32c0xx_hal_dma_ex.c ****   * @param  hdma Pointer to a DMA_HandleTypeDef structure that contains
 208:Drivers/STM32C0xx_HAL_Driver/Src/stm32c0xx_hal_dma_ex.c ****   *                     the configuration information for the specified DMA channel.
 209:Drivers/STM32C0xx_HAL_Driver/Src/stm32c0xx_hal_dma_ex.c ****   * @retval HAL status
 210:Drivers/STM32C0xx_HAL_Driver/Src/stm32c0xx_hal_dma_ex.c ****   */
 211:Drivers/STM32C0xx_HAL_Driver/Src/stm32c0xx_hal_dma_ex.c **** HAL_StatusTypeDef HAL_DMAEx_DisableMuxRequestGenerator(DMA_HandleTypeDef *hdma)
 212:Drivers/STM32C0xx_HAL_Driver/Src/stm32c0xx_hal_dma_ex.c **** {
 278              		.loc 1 212 1 is_stmt 1 view -0
 279              		.cfi_startproc
 280              		@ args = 0, pretend = 0, frame = 0
 281              		@ frame_needed = 0, uses_anonymous_args = 0
 282              		@ link register save eliminated.
 213:Drivers/STM32C0xx_HAL_Driver/Src/stm32c0xx_hal_dma_ex.c ****   /* Check the parameters */
 214:Drivers/STM32C0xx_HAL_Driver/Src/stm32c0xx_hal_dma_ex.c ****   assert_param(IS_DMA_ALL_INSTANCE(hdma->Instance));
 283              		.loc 1 214 3 view .LVU73
 215:Drivers/STM32C0xx_HAL_Driver/Src/stm32c0xx_hal_dma_ex.c **** 
 216:Drivers/STM32C0xx_HAL_Driver/Src/stm32c0xx_hal_dma_ex.c ****   /* check if the DMA state is ready
 217:Drivers/STM32C0xx_HAL_Driver/Src/stm32c0xx_hal_dma_ex.c ****      and DMA is using a DMAMUX request generator block
 218:Drivers/STM32C0xx_HAL_Driver/Src/stm32c0xx_hal_dma_ex.c ****   */
 219:Drivers/STM32C0xx_HAL_Driver/Src/stm32c0xx_hal_dma_ex.c ****   if ((hdma->State != HAL_DMA_STATE_RESET) && (hdma->DMAmuxRequestGen != 0))
 284              		.loc 1 219 3 view .LVU74
 285              		.loc 1 219 12 is_stmt 0 view .LVU75
 286 0000 2523     		movs	r3, #37
 287 0002 C35C     		ldrb	r3, [r0, r3]
 288              		.loc 1 219 6 view .LVU76
 289 0004 002B     		cmp	r3, #0
 290 0006 08D0     		beq	.L15
 291              		.loc 1 219 52 discriminator 1 view .LVU77
ARM GAS  /var/folders/nl/kwfz41d55ync1k9vlz8wmkc80000gn/T//ccsPAEVs.s 			page 10


 292 0008 036D     		ldr	r3, [r0, #80]
 293              		.loc 1 219 44 discriminator 1 view .LVU78
 294 000a 002B     		cmp	r3, #0
 295 000c 07D0     		beq	.L16
 220:Drivers/STM32C0xx_HAL_Driver/Src/stm32c0xx_hal_dma_ex.c ****   {
 221:Drivers/STM32C0xx_HAL_Driver/Src/stm32c0xx_hal_dma_ex.c **** 
 222:Drivers/STM32C0xx_HAL_Driver/Src/stm32c0xx_hal_dma_ex.c ****     /* Disable the request generator*/
 223:Drivers/STM32C0xx_HAL_Driver/Src/stm32c0xx_hal_dma_ex.c ****     hdma->DMAmuxRequestGen->RGCR &= ~DMAMUX_RGxCR_GE;
 296              		.loc 1 223 5 is_stmt 1 view .LVU79
 297              		.loc 1 223 34 is_stmt 0 view .LVU80
 298 000e 1A68     		ldr	r2, [r3]
 299 0010 0449     		ldr	r1, .L17
 300 0012 0A40     		ands	r2, r1
 301 0014 1A60     		str	r2, [r3]
 224:Drivers/STM32C0xx_HAL_Driver/Src/stm32c0xx_hal_dma_ex.c **** 
 225:Drivers/STM32C0xx_HAL_Driver/Src/stm32c0xx_hal_dma_ex.c ****     return HAL_OK;
 302              		.loc 1 225 5 is_stmt 1 view .LVU81
 303              		.loc 1 225 12 is_stmt 0 view .LVU82
 304 0016 0020     		movs	r0, #0
 305              	.LVL19:
 306              	.L14:
 226:Drivers/STM32C0xx_HAL_Driver/Src/stm32c0xx_hal_dma_ex.c ****   }
 227:Drivers/STM32C0xx_HAL_Driver/Src/stm32c0xx_hal_dma_ex.c ****   else
 228:Drivers/STM32C0xx_HAL_Driver/Src/stm32c0xx_hal_dma_ex.c ****   {
 229:Drivers/STM32C0xx_HAL_Driver/Src/stm32c0xx_hal_dma_ex.c ****     return HAL_ERROR;
 230:Drivers/STM32C0xx_HAL_Driver/Src/stm32c0xx_hal_dma_ex.c ****   }
 231:Drivers/STM32C0xx_HAL_Driver/Src/stm32c0xx_hal_dma_ex.c **** }
 307              		.loc 1 231 1 view .LVU83
 308              		@ sp needed
 309 0018 7047     		bx	lr
 310              	.LVL20:
 311              	.L15:
 229:Drivers/STM32C0xx_HAL_Driver/Src/stm32c0xx_hal_dma_ex.c ****   }
 312              		.loc 1 229 12 view .LVU84
 313 001a 0120     		movs	r0, #1
 314              	.LVL21:
 229:Drivers/STM32C0xx_HAL_Driver/Src/stm32c0xx_hal_dma_ex.c ****   }
 315              		.loc 1 229 12 view .LVU85
 316 001c FCE7     		b	.L14
 317              	.LVL22:
 318              	.L16:
 229:Drivers/STM32C0xx_HAL_Driver/Src/stm32c0xx_hal_dma_ex.c ****   }
 319              		.loc 1 229 12 view .LVU86
 320 001e 0120     		movs	r0, #1
 321              	.LVL23:
 229:Drivers/STM32C0xx_HAL_Driver/Src/stm32c0xx_hal_dma_ex.c ****   }
 322              		.loc 1 229 12 view .LVU87
 323 0020 FAE7     		b	.L14
 324              	.L18:
 325 0022 C046     		.align	2
 326              	.L17:
 327 0024 FFFFFEFF 		.word	-65537
 328              		.cfi_endproc
 329              	.LFE217:
 331              		.section	.text.HAL_DMAEx_MUX_IRQHandler,"ax",%progbits
 332              		.align	1
 333              		.global	HAL_DMAEx_MUX_IRQHandler
ARM GAS  /var/folders/nl/kwfz41d55ync1k9vlz8wmkc80000gn/T//ccsPAEVs.s 			page 11


 334              		.syntax unified
 335              		.code	16
 336              		.thumb_func
 338              	HAL_DMAEx_MUX_IRQHandler:
 339              	.LVL24:
 340              	.LFB218:
 232:Drivers/STM32C0xx_HAL_Driver/Src/stm32c0xx_hal_dma_ex.c **** 
 233:Drivers/STM32C0xx_HAL_Driver/Src/stm32c0xx_hal_dma_ex.c **** /**
 234:Drivers/STM32C0xx_HAL_Driver/Src/stm32c0xx_hal_dma_ex.c ****   * @brief  Handles DMAMUX interrupt request.
 235:Drivers/STM32C0xx_HAL_Driver/Src/stm32c0xx_hal_dma_ex.c ****   * @param  hdma Pointer to a DMA_HandleTypeDef structure that contains
 236:Drivers/STM32C0xx_HAL_Driver/Src/stm32c0xx_hal_dma_ex.c ****   *               the configuration information for the specified DMA channel.
 237:Drivers/STM32C0xx_HAL_Driver/Src/stm32c0xx_hal_dma_ex.c ****   * @retval None
 238:Drivers/STM32C0xx_HAL_Driver/Src/stm32c0xx_hal_dma_ex.c ****   */
 239:Drivers/STM32C0xx_HAL_Driver/Src/stm32c0xx_hal_dma_ex.c **** void HAL_DMAEx_MUX_IRQHandler(DMA_HandleTypeDef *hdma)
 240:Drivers/STM32C0xx_HAL_Driver/Src/stm32c0xx_hal_dma_ex.c **** {
 341              		.loc 1 240 1 is_stmt 1 view -0
 342              		.cfi_startproc
 343              		@ args = 0, pretend = 0, frame = 0
 344              		@ frame_needed = 0, uses_anonymous_args = 0
 345              		.loc 1 240 1 is_stmt 0 view .LVU89
 346 0000 10B5     		push	{r4, lr}
 347              	.LCFI2:
 348              		.cfi_def_cfa_offset 8
 349              		.cfi_offset 4, -8
 350              		.cfi_offset 14, -4
 351 0002 0400     		movs	r4, r0
 241:Drivers/STM32C0xx_HAL_Driver/Src/stm32c0xx_hal_dma_ex.c ****   /* Check for DMAMUX Synchronization overrun */
 242:Drivers/STM32C0xx_HAL_Driver/Src/stm32c0xx_hal_dma_ex.c ****   if ((hdma->DMAmuxChannelStatus->CSR & hdma->DMAmuxChannelStatusMask) != 0U)
 352              		.loc 1 242 3 is_stmt 1 view .LVU90
 353              		.loc 1 242 12 is_stmt 0 view .LVU91
 354 0004 836C     		ldr	r3, [r0, #72]
 355              		.loc 1 242 33 view .LVU92
 356 0006 1B68     		ldr	r3, [r3]
 357              		.loc 1 242 6 view .LVU93
 358 0008 C26C     		ldr	r2, [r0, #76]
 359 000a 1A42     		tst	r2, r3
 360 000c 10D0     		beq	.L20
 243:Drivers/STM32C0xx_HAL_Driver/Src/stm32c0xx_hal_dma_ex.c ****   {
 244:Drivers/STM32C0xx_HAL_Driver/Src/stm32c0xx_hal_dma_ex.c ****     /* Disable the synchro overrun interrupt */
 245:Drivers/STM32C0xx_HAL_Driver/Src/stm32c0xx_hal_dma_ex.c ****     hdma->DMAmuxChannel->CCR &= ~DMAMUX_CxCR_SOIE;
 361              		.loc 1 245 5 is_stmt 1 view .LVU94
 362              		.loc 1 245 9 is_stmt 0 view .LVU95
 363 000e 426C     		ldr	r2, [r0, #68]
 364              		.loc 1 245 30 view .LVU96
 365 0010 1368     		ldr	r3, [r2]
 366 0012 1449     		ldr	r1, .L22
 367 0014 0B40     		ands	r3, r1
 368 0016 1360     		str	r3, [r2]
 246:Drivers/STM32C0xx_HAL_Driver/Src/stm32c0xx_hal_dma_ex.c **** 
 247:Drivers/STM32C0xx_HAL_Driver/Src/stm32c0xx_hal_dma_ex.c ****     /* Clear the DMAMUX synchro overrun flag */
 248:Drivers/STM32C0xx_HAL_Driver/Src/stm32c0xx_hal_dma_ex.c ****     hdma->DMAmuxChannelStatus->CFR = hdma->DMAmuxChannelStatusMask;
 369              		.loc 1 248 5 is_stmt 1 view .LVU97
 370              		.loc 1 248 9 is_stmt 0 view .LVU98
 371 0018 836C     		ldr	r3, [r0, #72]
 372              		.loc 1 248 36 view .LVU99
 373 001a C26C     		ldr	r2, [r0, #76]
 374 001c 5A60     		str	r2, [r3, #4]
ARM GAS  /var/folders/nl/kwfz41d55ync1k9vlz8wmkc80000gn/T//ccsPAEVs.s 			page 12


 249:Drivers/STM32C0xx_HAL_Driver/Src/stm32c0xx_hal_dma_ex.c **** 
 250:Drivers/STM32C0xx_HAL_Driver/Src/stm32c0xx_hal_dma_ex.c ****     /* Update error code */
 251:Drivers/STM32C0xx_HAL_Driver/Src/stm32c0xx_hal_dma_ex.c ****     hdma->ErrorCode |= HAL_DMA_ERROR_SYNC;
 375              		.loc 1 251 5 is_stmt 1 view .LVU100
 376              		.loc 1 251 21 is_stmt 0 view .LVU101
 377 001e C26B     		ldr	r2, [r0, #60]
 378 0020 8023     		movs	r3, #128
 379 0022 9B00     		lsls	r3, r3, #2
 380 0024 1343     		orrs	r3, r2
 381 0026 C363     		str	r3, [r0, #60]
 252:Drivers/STM32C0xx_HAL_Driver/Src/stm32c0xx_hal_dma_ex.c **** 
 253:Drivers/STM32C0xx_HAL_Driver/Src/stm32c0xx_hal_dma_ex.c ****     if (hdma->XferErrorCallback != NULL)
 382              		.loc 1 253 5 is_stmt 1 view .LVU102
 383              		.loc 1 253 13 is_stmt 0 view .LVU103
 384 0028 436B     		ldr	r3, [r0, #52]
 385              		.loc 1 253 8 view .LVU104
 386 002a 002B     		cmp	r3, #0
 387 002c 00D0     		beq	.L20
 254:Drivers/STM32C0xx_HAL_Driver/Src/stm32c0xx_hal_dma_ex.c ****     {
 255:Drivers/STM32C0xx_HAL_Driver/Src/stm32c0xx_hal_dma_ex.c ****       /* Transfer error callback */
 256:Drivers/STM32C0xx_HAL_Driver/Src/stm32c0xx_hal_dma_ex.c ****       hdma->XferErrorCallback(hdma);
 388              		.loc 1 256 7 is_stmt 1 view .LVU105
 389 002e 9847     		blx	r3
 390              	.LVL25:
 391              	.L20:
 257:Drivers/STM32C0xx_HAL_Driver/Src/stm32c0xx_hal_dma_ex.c ****     }
 258:Drivers/STM32C0xx_HAL_Driver/Src/stm32c0xx_hal_dma_ex.c ****   }
 259:Drivers/STM32C0xx_HAL_Driver/Src/stm32c0xx_hal_dma_ex.c **** 
 260:Drivers/STM32C0xx_HAL_Driver/Src/stm32c0xx_hal_dma_ex.c ****   if (hdma->DMAmuxRequestGen != 0)
 392              		.loc 1 260 3 view .LVU106
 393              		.loc 1 260 11 is_stmt 0 view .LVU107
 394 0030 236D     		ldr	r3, [r4, #80]
 395              		.loc 1 260 6 view .LVU108
 396 0032 002B     		cmp	r3, #0
 397 0034 15D0     		beq	.L19
 261:Drivers/STM32C0xx_HAL_Driver/Src/stm32c0xx_hal_dma_ex.c ****   {
 262:Drivers/STM32C0xx_HAL_Driver/Src/stm32c0xx_hal_dma_ex.c ****     /* if using a DMAMUX request generator block Check for DMAMUX request generator overrun */
 263:Drivers/STM32C0xx_HAL_Driver/Src/stm32c0xx_hal_dma_ex.c ****     if ((hdma->DMAmuxRequestGenStatus->RGSR & hdma->DMAmuxRequestGenStatusMask) != 0U)
 398              		.loc 1 263 5 is_stmt 1 view .LVU109
 399              		.loc 1 263 14 is_stmt 0 view .LVU110
 400 0036 626D     		ldr	r2, [r4, #84]
 401              		.loc 1 263 38 view .LVU111
 402 0038 1268     		ldr	r2, [r2]
 403              		.loc 1 263 8 view .LVU112
 404 003a A16D     		ldr	r1, [r4, #88]
 405 003c 1142     		tst	r1, r2
 406 003e 10D0     		beq	.L19
 264:Drivers/STM32C0xx_HAL_Driver/Src/stm32c0xx_hal_dma_ex.c ****     {
 265:Drivers/STM32C0xx_HAL_Driver/Src/stm32c0xx_hal_dma_ex.c ****       /* Disable the request gen overrun interrupt */
 266:Drivers/STM32C0xx_HAL_Driver/Src/stm32c0xx_hal_dma_ex.c ****       hdma->DMAmuxRequestGen->RGCR &= ~DMAMUX_RGxCR_OIE;
 407              		.loc 1 266 7 is_stmt 1 view .LVU113
 408              		.loc 1 266 36 is_stmt 0 view .LVU114
 409 0040 1A68     		ldr	r2, [r3]
 410 0042 0849     		ldr	r1, .L22
 411 0044 0A40     		ands	r2, r1
 412 0046 1A60     		str	r2, [r3]
 267:Drivers/STM32C0xx_HAL_Driver/Src/stm32c0xx_hal_dma_ex.c **** 
ARM GAS  /var/folders/nl/kwfz41d55ync1k9vlz8wmkc80000gn/T//ccsPAEVs.s 			page 13


 268:Drivers/STM32C0xx_HAL_Driver/Src/stm32c0xx_hal_dma_ex.c ****       /* Clear the DMAMUX request generator overrun flag */
 269:Drivers/STM32C0xx_HAL_Driver/Src/stm32c0xx_hal_dma_ex.c ****       hdma->DMAmuxRequestGenStatus->RGCFR = hdma->DMAmuxRequestGenStatusMask;
 413              		.loc 1 269 7 is_stmt 1 view .LVU115
 414              		.loc 1 269 11 is_stmt 0 view .LVU116
 415 0048 636D     		ldr	r3, [r4, #84]
 416              		.loc 1 269 43 view .LVU117
 417 004a A26D     		ldr	r2, [r4, #88]
 418 004c 5A60     		str	r2, [r3, #4]
 270:Drivers/STM32C0xx_HAL_Driver/Src/stm32c0xx_hal_dma_ex.c **** 
 271:Drivers/STM32C0xx_HAL_Driver/Src/stm32c0xx_hal_dma_ex.c ****       /* Update error code */
 272:Drivers/STM32C0xx_HAL_Driver/Src/stm32c0xx_hal_dma_ex.c ****       hdma->ErrorCode |= HAL_DMA_ERROR_REQGEN;
 419              		.loc 1 272 7 is_stmt 1 view .LVU118
 420              		.loc 1 272 23 is_stmt 0 view .LVU119
 421 004e E26B     		ldr	r2, [r4, #60]
 422 0050 8023     		movs	r3, #128
 423 0052 DB00     		lsls	r3, r3, #3
 424 0054 1343     		orrs	r3, r2
 425 0056 E363     		str	r3, [r4, #60]
 273:Drivers/STM32C0xx_HAL_Driver/Src/stm32c0xx_hal_dma_ex.c **** 
 274:Drivers/STM32C0xx_HAL_Driver/Src/stm32c0xx_hal_dma_ex.c ****       if (hdma->XferErrorCallback != NULL)
 426              		.loc 1 274 7 is_stmt 1 view .LVU120
 427              		.loc 1 274 15 is_stmt 0 view .LVU121
 428 0058 636B     		ldr	r3, [r4, #52]
 429              		.loc 1 274 10 view .LVU122
 430 005a 002B     		cmp	r3, #0
 431 005c 01D0     		beq	.L19
 275:Drivers/STM32C0xx_HAL_Driver/Src/stm32c0xx_hal_dma_ex.c ****       {
 276:Drivers/STM32C0xx_HAL_Driver/Src/stm32c0xx_hal_dma_ex.c ****         /* Transfer error callback */
 277:Drivers/STM32C0xx_HAL_Driver/Src/stm32c0xx_hal_dma_ex.c ****         hdma->XferErrorCallback(hdma);
 432              		.loc 1 277 9 is_stmt 1 view .LVU123
 433 005e 2000     		movs	r0, r4
 434 0060 9847     		blx	r3
 435              	.LVL26:
 436              	.L19:
 278:Drivers/STM32C0xx_HAL_Driver/Src/stm32c0xx_hal_dma_ex.c ****       }
 279:Drivers/STM32C0xx_HAL_Driver/Src/stm32c0xx_hal_dma_ex.c ****     }
 280:Drivers/STM32C0xx_HAL_Driver/Src/stm32c0xx_hal_dma_ex.c ****   }
 281:Drivers/STM32C0xx_HAL_Driver/Src/stm32c0xx_hal_dma_ex.c **** }
 437              		.loc 1 281 1 is_stmt 0 view .LVU124
 438              		@ sp needed
 439              	.LVL27:
 440              		.loc 1 281 1 view .LVU125
 441 0062 10BD     		pop	{r4, pc}
 442              	.L23:
 443              		.align	2
 444              	.L22:
 445 0064 FFFEFFFF 		.word	-257
 446              		.cfi_endproc
 447              	.LFE218:
 449              		.text
 450              	.Letext0:
 451              		.file 2 "/usr/local/arm-none-eabi/include/machine/_default_types.h"
 452              		.file 3 "/usr/local/arm-none-eabi/include/sys/_stdint.h"
 453              		.file 4 "Drivers/CMSIS/Device/ST/STM32C0xx/Include/stm32c031xx.h"
 454              		.file 5 "Drivers/CMSIS/Device/ST/STM32C0xx/Include/stm32c0xx.h"
 455              		.file 6 "Drivers/STM32C0xx_HAL_Driver/Inc/stm32c0xx_hal_def.h"
 456              		.file 7 "Drivers/STM32C0xx_HAL_Driver/Inc/stm32c0xx_hal_dma.h"
ARM GAS  /var/folders/nl/kwfz41d55ync1k9vlz8wmkc80000gn/T//ccsPAEVs.s 			page 14


 457              		.file 8 "Drivers/STM32C0xx_HAL_Driver/Inc/stm32c0xx_hal_dma_ex.h"
ARM GAS  /var/folders/nl/kwfz41d55ync1k9vlz8wmkc80000gn/T//ccsPAEVs.s 			page 15


DEFINED SYMBOLS
                            *ABS*:0000000000000000 stm32c0xx_hal_dma_ex.c
/var/folders/nl/kwfz41d55ync1k9vlz8wmkc80000gn/T//ccsPAEVs.s:18     .text.HAL_DMAEx_ConfigMuxSync:0000000000000000 $t
/var/folders/nl/kwfz41d55ync1k9vlz8wmkc80000gn/T//ccsPAEVs.s:24     .text.HAL_DMAEx_ConfigMuxSync:0000000000000000 HAL_DMAEx_ConfigMuxSync
/var/folders/nl/kwfz41d55ync1k9vlz8wmkc80000gn/T//ccsPAEVs.s:116    .text.HAL_DMAEx_ConfigMuxRequestGenerator:0000000000000000 $t
/var/folders/nl/kwfz41d55ync1k9vlz8wmkc80000gn/T//ccsPAEVs.s:122    .text.HAL_DMAEx_ConfigMuxRequestGenerator:0000000000000000 HAL_DMAEx_ConfigMuxRequestGenerator
/var/folders/nl/kwfz41d55ync1k9vlz8wmkc80000gn/T//ccsPAEVs.s:209    .text.HAL_DMAEx_EnableMuxRequestGenerator:0000000000000000 $t
/var/folders/nl/kwfz41d55ync1k9vlz8wmkc80000gn/T//ccsPAEVs.s:215    .text.HAL_DMAEx_EnableMuxRequestGenerator:0000000000000000 HAL_DMAEx_EnableMuxRequestGenerator
/var/folders/nl/kwfz41d55ync1k9vlz8wmkc80000gn/T//ccsPAEVs.s:269    .text.HAL_DMAEx_DisableMuxRequestGenerator:0000000000000000 $t
/var/folders/nl/kwfz41d55ync1k9vlz8wmkc80000gn/T//ccsPAEVs.s:275    .text.HAL_DMAEx_DisableMuxRequestGenerator:0000000000000000 HAL_DMAEx_DisableMuxRequestGenerator
/var/folders/nl/kwfz41d55ync1k9vlz8wmkc80000gn/T//ccsPAEVs.s:327    .text.HAL_DMAEx_DisableMuxRequestGenerator:0000000000000024 $d
/var/folders/nl/kwfz41d55ync1k9vlz8wmkc80000gn/T//ccsPAEVs.s:332    .text.HAL_DMAEx_MUX_IRQHandler:0000000000000000 $t
/var/folders/nl/kwfz41d55ync1k9vlz8wmkc80000gn/T//ccsPAEVs.s:338    .text.HAL_DMAEx_MUX_IRQHandler:0000000000000000 HAL_DMAEx_MUX_IRQHandler
/var/folders/nl/kwfz41d55ync1k9vlz8wmkc80000gn/T//ccsPAEVs.s:445    .text.HAL_DMAEx_MUX_IRQHandler:0000000000000064 $d

NO UNDEFINED SYMBOLS
